[35m[Appium][39m Welcome to Appium v1.20.2
[35m[Appium][39m Non-default server args:
[35m[Appium][39m   port: 57064
[35m[Appium][39m   loglevel: info
[35m[Appium][39m   tmpDir: C:\Users\Owner\AppData\Local\Temp\\Katalon\Appium\Temp1612172565732
[35m[Appium][39m   chromedriverPort: 57066
[35m[Appium][39m Deprecated server args:
[35m[Appium][39m   [31m--chromedriver-port[39m => --default-capabilities
[35m[Appium][39m Default capabilities, which will be added to each request unless overridden by desired capabilities:
[35m[Appium][39m   chromedriverPort: 57066
[35m[Appium][39m Appium REST http interface listener started on 0.0.0.0:57064
[35m[HTTP][39m [37m-->[39m [37mGET[39m [37m/wd/hub/status[39m
[35m[HTTP][39m [90m{}[39m
[35m[HTTP][39m [37m<-- GET /wd/hub/status [39m[32m200[39m [90m9 ms - 68[39m
[35m[HTTP][39m [90m[39m
[35m[HTTP][39m [37m-->[39m [37mGET[39m [37m/wd/hub/status[39m
[35m[HTTP][39m [90m{}[39m
[35m[HTTP][39m [37m<-- GET /wd/hub/status [39m[32m200[39m [90m2 ms - 68[39m
[35m[HTTP][39m [90m[39m
[35m[HTTP][39m [37m-->[39m [37mPOST[39m [37m/wd/hub/session[39m
[35m[HTTP][39m [90m{"desiredCapabilities":{"app":"C:\\Users\\Owner\\Downloads\\Ecommerce Store Demo_v1.4.apk","noReset":true,"deviceName":"emulator-5554 (sdk_gphone_x86_arm - Android 11)","fullReset":false,"platform":"ANDROID","newCommandTimeout":1800,"platformVersion":"11","automationName":"uiautomator2","autoGrantPermissions":true,"platformName":"Android","udid":"emulator-5554","systemPort":57085},"capabilities":{"firstMatch":[{"appium:app":"C:\\Users\\Owner\\Downloads\\Ecommerce Store Demo_v1.4.apk","appium:autoGrantPermissions":true,"appium:automationName":"uiautomator2","appium:deviceName":"emulator-5554 (sdk_gphone_x86_arm - Android 11)","appium:fullReset":false,"appium:newCommandTimeout":1800,"appium:noReset":true,"platform":"ANDROID","platformName":"android","appium:platformVersion":"11","appium:systemPort":57085,"appium:udid":"emulator-5554"}]}}[39m
[35m[BaseDriver][39m The following capabilities are not standard capabilities and should have an extension prefix:
[35m[BaseDriver][39m   platform
[35m[BaseDriver][39m   chromedriverPort
[35m[Appium][39m Appium v1.20.2 creating new AndroidUiautomator2Driver (v1.61.2) session
[35m[BaseDriver][39m The following capabilities were provided, but are not recognized by Appium:
[35m[BaseDriver][39m   platform
[35m[BaseDriver][39m Session created with session id: 0b61ec81-6db0-4e47-8bef-ae01fa3751b2
[35m[BaseDriver][39m Using local app 'C:\Users\Owner\Downloads\Ecommerce Store Demo_v1.4.apk'
[35m[ADB][39m Found 1 'build-tools' folders under 'C:\Users\Owner\.katalon\tools\android_sdk' (newest first):
[35m[ADB][39m     C:/Users/Owner/.katalon/tools/android_sdk/build-tools/29.0.3
[35m[ADB][39m Using 'adb.exe' from 'C:\Users\Owner\.katalon\tools\android_sdk\platform-tools\adb.exe'
[35m[AndroidDriver][39m Retrieving device list
[35m[AndroidDriver][39m Using device: emulator-5554
[35m[ADB][39m Using 'adb.exe' from 'C:\Users\Owner\.katalon\tools\android_sdk\platform-tools\adb.exe'
[35m[ADB][39m Getting device platform version
[35m[UiAutomator2][39m Relaxing hidden api policy
[35m[ADB][39m Package name: 'com.abhiandroid.ecommercestore'
[35m[ADB][39m Main activity name: 'com.abhiandroid.ecommercestore.Activities.SplashScreen'
[35m[ADB][39m Using 'apksigner.jar' from 'C:\Users\Owner\.katalon\tools\android_sdk\build-tools\29.0.3\lib\apksigner.jar'
[35m[ADB][39m 'C:\Users\Owner\AppData\Roaming\npm\node_modules\appium\node_modules\appium-uiautomator2-server\apks\appium-uiautomator2-server-v4.17.4.apk' is signed with the default certificate
[35m[ADB][39m 'C:\Users\Owner\AppData\Roaming\npm\node_modules\appium\node_modules\appium-uiautomator2-server\apks\appium-uiautomator2-server-debug-androidTest.apk' is signed with the default certificate
[35m[UiAutomator2][39m Server packages are not going to be (re)installed
[35m[ADB][39m Adding packages ["io.appium.settings","io.appium.uiautomator2.server","io.appium.uiautomator2.server.test"] to Doze whitelist
[35m[ADB][39m 'C:\Users\Owner\Downloads\Ecommerce Store Demo_v1.4.apk' is signed with a non-default certificate
[35m[ADB][39m The application at 'C:\Users\Owner\Downloads\Ecommerce Store Demo_v1.4.apk' will not be cached, because the device under test has confirmed the support of streamed installs
[35m[ADB][39m The installation of 'Ecommerce Store Demo_v1.4.apk' took 2307ms
[35m[UiAutomator2][39m Starting UIAutomator2 server 4.17.4
[35m[UiAutomator2][39m Using UIAutomator2 server from 'C:\Users\Owner\AppData\Roaming\npm\node_modules\appium\node_modules\appium-uiautomator2-server\apks\appium-uiautomator2-server-v4.17.4.apk' and test from 'C:\Users\Owner\AppData\Roaming\npm\node_modules\appium\node_modules\appium-uiautomator2-server\apks\appium-uiautomator2-server-debug-androidTest.apk'
[35m[UiAutomator2][39m Waiting up to 30000ms for UiAutomator2 to be online...
[35m[WD Proxy][39m socket hang up
[35m[WD Proxy][39m socket hang up
[35m[WD Proxy][39m socket hang up
[35m[WD Proxy][39m socket hang up
[35m[WD Proxy][39m Determined the downstream protocol as 'W3C'
[35m[AndroidDriver][39m Screen already unlocked, doing nothing
[35m[UiAutomator2][39m Starting 'com.abhiandroid.ecommercestore/com.abhiandroid.ecommercestore.Activities.SplashScreen and waiting for 'com.abhiandroid.ecommercestore/com.abhiandroid.ecommercestore.Activities.SplashScreen'
[35m[Appium][39m New AndroidUiautomator2Driver session created successfully, session 0b61ec81-6db0-4e47-8bef-ae01fa3751b2 added to master session list
[35m[HTTP][39m [37m<-- POST /wd/hub/session [39m[32m200[39m [90m16312 ms - 1311[39m
[35m[HTTP][39m [90m[39m
[35m[HTTP][39m [37m-->[39m [37mGET[39m [37m/wd/hub/session/0b61ec81-6db0-4e47-8bef-ae01fa3751b2[39m
[35m[HTTP][39m [90m{}[39m
[35m[HTTP][39m [37m<-- GET /wd/hub/session/0b61ec81-6db0-4e47-8bef-ae01fa3751b2 [39m[32m200[39m [90m30 ms - 1265[39m
[35m[HTTP][39m [90m[39m
[35m[HTTP][39m [37m-->[39m [37mGET[39m [37m/wd/hub/session/0b61ec81-6db0-4e47-8bef-ae01fa3751b2[39m
[35m[HTTP][39m [90m{}[39m
[35m[HTTP][39m [37m<-- GET /wd/hub/session/0b61ec81-6db0-4e47-8bef-ae01fa3751b2 [39m[32m200[39m [90m20 ms - 1265[39m
[35m[HTTP][39m [90m[39m
[35m[HTTP][39m [37m-->[39m [37mGET[39m [37m/wd/hub/status[39m
[35m[HTTP][39m [90m{}[39m
[35m[HTTP][39m [37m<-- GET /wd/hub/status [39m[32m200[39m [90m3 ms - 68[39m
[35m[HTTP][39m [90m[39m
[35m[HTTP][39m [37m-->[39m [37mPOST[39m [37m/wd/hub/session/0b61ec81-6db0-4e47-8bef-ae01fa3751b2/timeouts[39m
[35m[HTTP][39m [90m{"implicit":60000}[39m
[35m[HTTP][39m [37m<-- POST /wd/hub/session/0b61ec81-6db0-4e47-8bef-ae01fa3751b2/timeouts [39m[32m200[39m [90m9 ms - 14[39m
[35m[HTTP][39m [90m[39m
[35m[HTTP][39m [37m-->[39m [37mGET[39m [37m/wd/hub/session/0b61ec81-6db0-4e47-8bef-ae01fa3751b2/source[39m
[35m[HTTP][39m [90m{}[39m
[35m[W3C (0b61ec81)][39m Driver proxy active, passing request on via HTTP proxy
[35m[WD Proxy][39m Replacing sessionId 7ed15e9e-aa3c-4fbe-ad95-0fb9f7f9a1f0 with 0b61ec81-6db0-4e47-8bef-ae01fa3751b2
[35m[HTTP][39m [37m<-- GET /wd/hub/session/0b61ec81-6db0-4e47-8bef-ae01fa3751b2/source [39m[32m200[39m [90m840 ms - 9734[39m
[35m[HTTP][39m [90m[39m
[35m[HTTP][39m [37m-->[39m [37mGET[39m [37m/wd/hub/session/0b61ec81-6db0-4e47-8bef-ae01fa3751b2/screenshot[39m
[35m[HTTP][39m [90m{}[39m
[35m[HTTP][39m [37m<-- GET /wd/hub/session/0b61ec81-6db0-4e47-8bef-ae01fa3751b2/screenshot [39m[32m200[39m [90m431 ms - 72016[39m
[35m[HTTP][39m [90m[39m
[35m[HTTP][39m [37m-->[39m [37mPOST[39m [37m/wd/hub/session/0b61ec81-6db0-4e47-8bef-ae01fa3751b2/elements[39m
[35m[HTTP][39m [90m{"using":"xpath","value":"//*[@class = 'android.widget.TextView' and (@text = 'SKIP LOGIN' or . = 'SKIP LOGIN') and @resource-id = 'com.abhiandroid.ecommercestore:id/txtSkipLogin']"}[39m
[35m[HTTP][39m [37m<-- POST /wd/hub/session/0b61ec81-6db0-4e47-8bef-ae01fa3751b2/elements [39m[32m200[39m [90m193 ms - 139[39m
[35m[HTTP][39m [90m[39m
[35m[HTTP][39m [37m-->[39m [37mGET[39m [37m/wd/hub/session/0b61ec81-6db0-4e47-8bef-ae01fa3751b2/window/rect[39m
[35m[HTTP][39m [90m{}[39m
[35m[HTTP][39m [37m<-- GET /wd/hub/session/0b61ec81-6db0-4e47-8bef-ae01fa3751b2/window/rect [39m[32m200[39m [90m29 ms - 48[39m
[35m[HTTP][39m [90m[39m
[35m[HTTP][39m [37m-->[39m [37mPOST[39m [37m/wd/hub/session/0b61ec81-6db0-4e47-8bef-ae01fa3751b2/elements[39m
[35m[HTTP][39m [90m{"using":"xpath","value":"//*[@class = 'android.widget.TextView' and (@text = 'SKIP LOGIN' or . = 'SKIP LOGIN') and @resource-id = 'com.abhiandroid.ecommercestore:id/txtSkipLogin']"}[39m
[35m[HTTP][39m [37m<-- POST /wd/hub/session/0b61ec81-6db0-4e47-8bef-ae01fa3751b2/elements [39m[32m200[39m [90m55 ms - 139[39m
[35m[HTTP][39m [90m[39m
[35m[HTTP][39m [37m-->[39m [37mGET[39m [37m/wd/hub/session/0b61ec81-6db0-4e47-8bef-ae01fa3751b2/element/eb1f074f-8535-4b3d-9276-baee2520091a/location[39m
[35m[HTTP][39m [90m{}[39m
[35m[W3C (0b61ec81)][39m Driver proxy active, passing request on via HTTP proxy
[35m[WD Proxy][39m Replacing sessionId 7ed15e9e-aa3c-4fbe-ad95-0fb9f7f9a1f0 with 0b61ec81-6db0-4e47-8bef-ae01fa3751b2
[35m[HTTP][39m [37m<-- GET /wd/hub/session/0b61ec81-6db0-4e47-8bef-ae01fa3751b2/element/eb1f074f-8535-4b3d-9276-baee2520091a/location [39m[32m200[39m [90m23 ms - 78[39m
[35m[HTTP][39m [90m[39m
[35m[HTTP][39m [37m-->[39m [37mPOST[39m [37m/wd/hub/session/0b61ec81-6db0-4e47-8bef-ae01fa3751b2/touch/perform[39m
[35m[HTTP][39m [90m{"actions":[{"action":"tap","options":{"x":1,"y":1,"element":"eb1f074f-8535-4b3d-9276-baee2520091a"}}]}[39m
[35m[UiAutomator2][39m calling get location: eb1f074f-8535-4b3d-9276-baee2520091a
[35m[HTTP][39m [37m<-- POST /wd/hub/session/0b61ec81-6db0-4e47-8bef-ae01fa3751b2/touch/perform [39m[32m200[39m [90m180 ms - 14[39m
[35m[HTTP][39m [90m[39m
[35m[HTTP][39m [37m-->[39m [37mGET[39m [37m/wd/hub/session/0b61ec81-6db0-4e47-8bef-ae01fa3751b2/source[39m
[35m[HTTP][39m [90m{}[39m
[35m[W3C (0b61ec81)][39m Driver proxy active, passing request on via HTTP proxy
[35m[WD Proxy][39m Replacing sessionId 7ed15e9e-aa3c-4fbe-ad95-0fb9f7f9a1f0 with 0b61ec81-6db0-4e47-8bef-ae01fa3751b2
[35m[HTTP][39m [37m<-- GET /wd/hub/session/0b61ec81-6db0-4e47-8bef-ae01fa3751b2/source [39m[32m200[39m [90m2547 ms - 26175[39m
[35m[HTTP][39m [90m[39m
[35m[HTTP][39m [37m-->[39m [37mGET[39m [37m/wd/hub/session/0b61ec81-6db0-4e47-8bef-ae01fa3751b2/screenshot[39m
[35m[HTTP][39m [90m{}[39m
[35m[HTTP][39m [37m<-- GET /wd/hub/session/0b61ec81-6db0-4e47-8bef-ae01fa3751b2/screenshot [39m[32m200[39m [90m584 ms - 441904[39m
[35m[HTTP][39m [90m[39m
[35m[HTTP][39m [37m-->[39m [37mPOST[39m [37m/wd/hub/session/0b61ec81-6db0-4e47-8bef-ae01fa3751b2/elements[39m
[35m[HTTP][39m [90m{"using":"xpath","value":"//*[@class = 'android.widget.ImageView' and @resource-id = 'com.abhiandroid.ecommercestore:id/categoryIcon' and (@text = '' or . = '')]"}[39m
[35m[HTTP][39m [37m<-- POST /wd/hub/session/0b61ec81-6db0-4e47-8bef-ae01fa3751b2/elements [39m[32m200[39m [90m102 ms - 395[39m
[35m[HTTP][39m [90m[39m
[35m[HTTP][39m [37m-->[39m [37mPOST[39m [37m/wd/hub/session/0b61ec81-6db0-4e47-8bef-ae01fa3751b2/elements[39m
[35m[HTTP][39m [90m{"using":"id","value":"com.abhiandroid.ecommercestore:id/categoryIcon"}[39m
[35m[HTTP][39m [37m<-- POST /wd/hub/session/0b61ec81-6db0-4e47-8bef-ae01fa3751b2/elements [39m[32m200[39m [90m56 ms - 395[39m
[35m[HTTP][39m [90m[39m
[35m[HTTP][39m [37m-->[39m [37mPOST[39m [37m/wd/hub/session/0b61ec81-6db0-4e47-8bef-ae01fa3751b2/elements[39m
[35m[HTTP][39m [90m{"using":"-android uiautomator","value":"new UiSelector().className(\"android.widget.ImageView\").resourceId(\"com.abhiandroid.ecommercestore:id/categoryIcon\")"}[39m
[35m[HTTP][39m [37m<-- POST /wd/hub/session/0b61ec81-6db0-4e47-8bef-ae01fa3751b2/elements [39m[32m200[39m [90m150 ms - 395[39m
[35m[HTTP][39m [90m[39m
[35m[HTTP][39m [37m-->[39m [37mGET[39m [37m/wd/hub/session/0b61ec81-6db0-4e47-8bef-ae01fa3751b2/window/rect[39m
[35m[HTTP][39m [90m{}[39m
[35m[HTTP][39m [37m<-- GET /wd/hub/session/0b61ec81-6db0-4e47-8bef-ae01fa3751b2/window/rect [39m[32m200[39m [90m22 ms - 48[39m
[35m[HTTP][39m [90m[39m
[35m[HTTP][39m [37m-->[39m [37mPOST[39m [37m/wd/hub/session/0b61ec81-6db0-4e47-8bef-ae01fa3751b2/elements[39m
[35m[HTTP][39m [90m{"using":"xpath","value":"//hierarchy/android.widget.FrameLayout[1]/android.widget.LinearLayout[1]/android.widget.FrameLayout[1]/android.widget.LinearLayout[1]/android.widget.FrameLayout[1]/android.support.v4.widget.DrawerLayout[1]/android.widget.RelativeLayout[1]/android.widget.FrameLayout[1]/android.view.ViewGroup[1]/android.widget.ScrollView[1]/android.widget.LinearLayout[1]/android.support.v7.widget.RecyclerView[1]/android.widget.LinearLayout[2]/android.widget.ImageView[1]"}[39m
[35m[HTTP][39m [37m<-- POST /wd/hub/session/0b61ec81-6db0-4e47-8bef-ae01fa3751b2/elements [39m[32m200[39m [90m82 ms - 139[39m
[35m[HTTP][39m [90m[39m
[35m[HTTP][39m [37m-->[39m [37mGET[39m [37m/wd/hub/session/0b61ec81-6db0-4e47-8bef-ae01fa3751b2/element/e470e68e-1d28-4ea7-8edb-543697c5513a/location[39m
[35m[HTTP][39m [90m{}[39m
[35m[W3C (0b61ec81)][39m Driver proxy active, passing request on via HTTP proxy
[35m[WD Proxy][39m Replacing sessionId 7ed15e9e-aa3c-4fbe-ad95-0fb9f7f9a1f0 with 0b61ec81-6db0-4e47-8bef-ae01fa3751b2
[35m[HTTP][39m [37m<-- GET /wd/hub/session/0b61ec81-6db0-4e47-8bef-ae01fa3751b2/element/e470e68e-1d28-4ea7-8edb-543697c5513a/location [39m[32m200[39m [90m20 ms - 78[39m
[35m[HTTP][39m [90m[39m
[35m[HTTP][39m [37m-->[39m [37mPOST[39m [37m/wd/hub/session/0b61ec81-6db0-4e47-8bef-ae01fa3751b2/touch/perform[39m
[35m[HTTP][39m [90m{"actions":[{"action":"tap","options":{"x":1,"y":1,"element":"e470e68e-1d28-4ea7-8edb-543697c5513a"}}]}[39m
[35m[UiAutomator2][39m calling get location: e470e68e-1d28-4ea7-8edb-543697c5513a
[35m[HTTP][39m [37m<-- POST /wd/hub/session/0b61ec81-6db0-4e47-8bef-ae01fa3751b2/touch/perform [39m[32m200[39m [90m182 ms - 14[39m
[35m[HTTP][39m [90m[39m
[35m[HTTP][39m [37m-->[39m [37mGET[39m [37m/wd/hub/session/0b61ec81-6db0-4e47-8bef-ae01fa3751b2/source[39m
[35m[HTTP][39m [90m{}[39m
[35m[W3C (0b61ec81)][39m Driver proxy active, passing request on via HTTP proxy
[35m[WD Proxy][39m Replacing sessionId 7ed15e9e-aa3c-4fbe-ad95-0fb9f7f9a1f0 with 0b61ec81-6db0-4e47-8bef-ae01fa3751b2
[35m[HTTP][39m [37m<-- GET /wd/hub/session/0b61ec81-6db0-4e47-8bef-ae01fa3751b2/source [39m[32m200[39m [90m126 ms - 18718[39m
[35m[HTTP][39m [90m[39m
[35m[HTTP][39m [37m-->[39m [37mGET[39m [37m/wd/hub/session/0b61ec81-6db0-4e47-8bef-ae01fa3751b2/screenshot[39m
[35m[HTTP][39m [90m{}[39m
[35m[HTTP][39m [37m<-- GET /wd/hub/session/0b61ec81-6db0-4e47-8bef-ae01fa3751b2/screenshot [39m[32m200[39m [90m426 ms - 153204[39m
[35m[HTTP][39m [90m[39m
[35m[HTTP][39m [37m-->[39m [37mPOST[39m [37m/wd/hub/session/0b61ec81-6db0-4e47-8bef-ae01fa3751b2/elements[39m
[35m[HTTP][39m [90m{"using":"xpath","value":"//*[@class = 'android.widget.TextView' and (@text = 'Goodthreads Mens SlimFit LongSleeve Plaid Poplin Shirt with ButtonDown Collar ' or . = 'Goodthreads Mens SlimFit LongSleeve Plaid Poplin Shirt with ButtonDown Collar ') and @resource-id = 'com.abhiandroid.ecommercestore:id/productName1']"}[39m
[35m[HTTP][39m [37m<-- POST /wd/hub/session/0b61ec81-6db0-4e47-8bef-ae01fa3751b2/elements [39m[32m200[39m [90m63 ms - 139[39m
[35m[HTTP][39m [90m[39m
[35m[HTTP][39m [37m-->[39m [37mGET[39m [37m/wd/hub/session/0b61ec81-6db0-4e47-8bef-ae01fa3751b2/window/rect[39m
[35m[HTTP][39m [90m{}[39m
[35m[HTTP][39m [37m<-- GET /wd/hub/session/0b61ec81-6db0-4e47-8bef-ae01fa3751b2/window/rect [39m[32m200[39m [90m12 ms - 48[39m
[35m[HTTP][39m [90m[39m
[35m[HTTP][39m [37m-->[39m [37mPOST[39m [37m/wd/hub/session/0b61ec81-6db0-4e47-8bef-ae01fa3751b2/elements[39m
[35m[HTTP][39m [90m{"using":"xpath","value":"//*[@class = 'android.widget.TextView' and (@text = 'Goodthreads Mens SlimFit LongSleeve Plaid Poplin Shirt with ButtonDown Collar ' or . = 'Goodthreads Mens SlimFit LongSleeve Plaid Poplin Shirt with ButtonDown Collar ') and @resource-id = 'com.abhiandroid.ecommercestore:id/productName1']"}[39m
[35m[HTTP][39m [37m<-- POST /wd/hub/session/0b61ec81-6db0-4e47-8bef-ae01fa3751b2/elements [39m[32m200[39m [90m47 ms - 139[39m
[35m[HTTP][39m [90m[39m
[35m[HTTP][39m [37m-->[39m [37mGET[39m [37m/wd/hub/session/0b61ec81-6db0-4e47-8bef-ae01fa3751b2/element/6f9d06ce-018e-49cb-8b2e-c1ac175fc017/location[39m
[35m[HTTP][39m [90m{}[39m
[35m[W3C (0b61ec81)][39m Driver proxy active, passing request on via HTTP proxy
[35m[WD Proxy][39m Replacing sessionId 7ed15e9e-aa3c-4fbe-ad95-0fb9f7f9a1f0 with 0b61ec81-6db0-4e47-8bef-ae01fa3751b2
[35m[HTTP][39m [37m<-- GET /wd/hub/session/0b61ec81-6db0-4e47-8bef-ae01fa3751b2/element/6f9d06ce-018e-49cb-8b2e-c1ac175fc017/location [39m[32m200[39m [90m19 ms - 78[39m
[35m[HTTP][39m [90m[39m
[35m[HTTP][39m [37m-->[39m [37mPOST[39m [37m/wd/hub/session/0b61ec81-6db0-4e47-8bef-ae01fa3751b2/touch/perform[39m
[35m[HTTP][39m [90m{"actions":[{"action":"tap","options":{"x":1,"y":1,"element":"6f9d06ce-018e-49cb-8b2e-c1ac175fc017"}}]}[39m
[35m[UiAutomator2][39m calling get location: 6f9d06ce-018e-49cb-8b2e-c1ac175fc017
[35m[HTTP][39m [37m<-- POST /wd/hub/session/0b61ec81-6db0-4e47-8bef-ae01fa3751b2/touch/perform [39m[32m200[39m [90m183 ms - 14[39m
[35m[HTTP][39m [90m[39m
[35m[HTTP][39m [37m-->[39m [37mGET[39m [37m/wd/hub/session/0b61ec81-6db0-4e47-8bef-ae01fa3751b2/source[39m
[35m[HTTP][39m [90m{}[39m
[35m[W3C (0b61ec81)][39m Driver proxy active, passing request on via HTTP proxy
[35m[WD Proxy][39m Replacing sessionId 7ed15e9e-aa3c-4fbe-ad95-0fb9f7f9a1f0 with 0b61ec81-6db0-4e47-8bef-ae01fa3751b2
[35m[HTTP][39m [37m<-- GET /wd/hub/session/0b61ec81-6db0-4e47-8bef-ae01fa3751b2/source [39m[32m200[39m [90m646 ms - 16586[39m
[35m[HTTP][39m [90m[39m
[35m[HTTP][39m [37m-->[39m [37mGET[39m [37m/wd/hub/session/0b61ec81-6db0-4e47-8bef-ae01fa3751b2/screenshot[39m
[35m[HTTP][39m [90m{}[39m
[35m[HTTP][39m [37m<-- GET /wd/hub/session/0b61ec81-6db0-4e47-8bef-ae01fa3751b2/screenshot [39m[32m200[39m [90m740 ms - 258694[39m
[35m[HTTP][39m [90m[39m
[35m[HTTP][39m [37m-->[39m [37mPOST[39m [37m/wd/hub/session/0b61ec81-6db0-4e47-8bef-ae01fa3751b2/elements[39m
[35m[HTTP][39m [90m{"using":"xpath","value":"//*[@class = 'android.widget.RelativeLayout' and @resource-id = 'com.abhiandroid.ecommercestore:id/addToCartLayout' and (@text = '' or . = '')]"}[39m
[35m[HTTP][39m [37m<-- POST /wd/hub/session/0b61ec81-6db0-4e47-8bef-ae01fa3751b2/elements [39m[32m200[39m [90m103 ms - 139[39m
[35m[HTTP][39m [90m[39m
[35m[HTTP][39m [37m-->[39m [37mGET[39m [37m/wd/hub/session/0b61ec81-6db0-4e47-8bef-ae01fa3751b2/window/rect[39m
[35m[HTTP][39m [90m{}[39m
[35m[HTTP][39m [37m<-- GET /wd/hub/session/0b61ec81-6db0-4e47-8bef-ae01fa3751b2/window/rect [39m[32m200[39m [90m14 ms - 48[39m
[35m[HTTP][39m [90m[39m
[35m[HTTP][39m [37m-->[39m [37mPOST[39m [37m/wd/hub/session/0b61ec81-6db0-4e47-8bef-ae01fa3751b2/elements[39m
[35m[HTTP][39m [90m{"using":"xpath","value":"//*[@class = 'android.widget.RelativeLayout' and @resource-id = 'com.abhiandroid.ecommercestore:id/addToCartLayout' and (@text = '' or . = '')]"}[39m
[35m[HTTP][39m [37m<-- POST /wd/hub/session/0b61ec81-6db0-4e47-8bef-ae01fa3751b2/elements [39m[32m200[39m [90m91 ms - 139[39m
[35m[HTTP][39m [90m[39m
[35m[HTTP][39m [37m-->[39m [37mGET[39m [37m/wd/hub/session/0b61ec81-6db0-4e47-8bef-ae01fa3751b2/element/b5a28708-8771-45f5-90d1-c692c7fa902e/location[39m
[35m[HTTP][39m [90m{}[39m
[35m[W3C (0b61ec81)][39m Driver proxy active, passing request on via HTTP proxy
[35m[WD Proxy][39m Replacing sessionId 7ed15e9e-aa3c-4fbe-ad95-0fb9f7f9a1f0 with 0b61ec81-6db0-4e47-8bef-ae01fa3751b2
[35m[HTTP][39m [37m<-- GET /wd/hub/session/0b61ec81-6db0-4e47-8bef-ae01fa3751b2/element/b5a28708-8771-45f5-90d1-c692c7fa902e/location [39m[32m200[39m [90m19 ms - 78[39m
[35m[HTTP][39m [90m[39m
[35m[HTTP][39m [37m-->[39m [37mPOST[39m [37m/wd/hub/session/0b61ec81-6db0-4e47-8bef-ae01fa3751b2/touch/perform[39m
[35m[HTTP][39m [90m{"actions":[{"action":"tap","options":{"x":1,"y":1,"element":"b5a28708-8771-45f5-90d1-c692c7fa902e"}}]}[39m
[35m[UiAutomator2][39m calling get location: b5a28708-8771-45f5-90d1-c692c7fa902e
[35m[HTTP][39m [37m<-- POST /wd/hub/session/0b61ec81-6db0-4e47-8bef-ae01fa3751b2/touch/perform [39m[32m200[39m [90m193 ms - 14[39m
[35m[HTTP][39m [90m[39m
[35m[HTTP][39m [37m-->[39m [37mGET[39m [37m/wd/hub/session/0b61ec81-6db0-4e47-8bef-ae01fa3751b2/source[39m
[35m[HTTP][39m [90m{}[39m
[35m[W3C (0b61ec81)][39m Driver proxy active, passing request on via HTTP proxy
[35m[WD Proxy][39m Replacing sessionId 7ed15e9e-aa3c-4fbe-ad95-0fb9f7f9a1f0 with 0b61ec81-6db0-4e47-8bef-ae01fa3751b2
[35m[HTTP][39m [37m<-- GET /wd/hub/session/0b61ec81-6db0-4e47-8bef-ae01fa3751b2/source [39m[32m200[39m [90m35 ms - 6048[39m
[35m[HTTP][39m [90m[39m
[35m[HTTP][39m [37m-->[39m [37mGET[39m [37m/wd/hub/session/0b61ec81-6db0-4e47-8bef-ae01fa3751b2/screenshot[39m
[35m[HTTP][39m [90m{}[39m
[35m[HTTP][39m [37m<-- GET /wd/hub/session/0b61ec81-6db0-4e47-8bef-ae01fa3751b2/screenshot [39m[32m200[39m [90m450 ms - 107284[39m
[35m[HTTP][39m [90m[39m
[35m[HTTP][39m [37m-->[39m [37mPOST[39m [37m/wd/hub/session/0b61ec81-6db0-4e47-8bef-ae01fa3751b2/elements[39m
[35m[HTTP][39m [90m{"using":"xpath","value":"//*[@class = 'android.widget.Button' and (@text = 'Login' or . = 'Login') and @resource-id = 'com.abhiandroid.ecommercestore:id/cancel_button']"}[39m
[35m[HTTP][39m [37m<-- POST /wd/hub/session/0b61ec81-6db0-4e47-8bef-ae01fa3751b2/elements [39m[32m200[39m [90m51 ms - 139[39m
[35m[HTTP][39m [90m[39m
[35m[HTTP][39m [37m-->[39m [37mGET[39m [37m/wd/hub/session/0b61ec81-6db0-4e47-8bef-ae01fa3751b2/window/rect[39m
[35m[HTTP][39m [90m{}[39m
[35m[HTTP][39m [37m<-- GET /wd/hub/session/0b61ec81-6db0-4e47-8bef-ae01fa3751b2/window/rect [39m[32m200[39m [90m12 ms - 48[39m
[35m[HTTP][39m [90m[39m
[35m[HTTP][39m [37m-->[39m [37mPOST[39m [37m/wd/hub/session/0b61ec81-6db0-4e47-8bef-ae01fa3751b2/elements[39m
[35m[HTTP][39m [90m{"using":"xpath","value":"//*[@class = 'android.widget.Button' and (@text = 'Login' or . = 'Login') and @resource-id = 'com.abhiandroid.ecommercestore:id/cancel_button']"}[39m
[35m[HTTP][39m [37m<-- POST /wd/hub/session/0b61ec81-6db0-4e47-8bef-ae01fa3751b2/elements [39m[32m200[39m [90m33 ms - 139[39m
[35m[HTTP][39m [90m[39m
[35m[HTTP][39m [37m-->[39m [37mGET[39m [37m/wd/hub/session/0b61ec81-6db0-4e47-8bef-ae01fa3751b2/element/4329b9bc-4586-4f04-8483-4c032110f413/location[39m
[35m[HTTP][39m [90m{}[39m
[35m[W3C (0b61ec81)][39m Driver proxy active, passing request on via HTTP proxy
[35m[WD Proxy][39m Replacing sessionId 7ed15e9e-aa3c-4fbe-ad95-0fb9f7f9a1f0 with 0b61ec81-6db0-4e47-8bef-ae01fa3751b2
[35m[HTTP][39m [37m<-- GET /wd/hub/session/0b61ec81-6db0-4e47-8bef-ae01fa3751b2/element/4329b9bc-4586-4f04-8483-4c032110f413/location [39m[32m200[39m [90m17 ms - 77[39m
[35m[HTTP][39m [90m[39m
[35m[HTTP][39m [37m-->[39m [37mPOST[39m [37m/wd/hub/session/0b61ec81-6db0-4e47-8bef-ae01fa3751b2/touch/perform[39m
[35m[HTTP][39m [90m{"actions":[{"action":"tap","options":{"x":1,"y":1,"element":"4329b9bc-4586-4f04-8483-4c032110f413"}}]}[39m
[35m[UiAutomator2][39m calling get location: 4329b9bc-4586-4f04-8483-4c032110f413
[35m[HTTP][39m [37m<-- POST /wd/hub/session/0b61ec81-6db0-4e47-8bef-ae01fa3751b2/touch/perform [39m[32m200[39m [90m187 ms - 14[39m
[35m[HTTP][39m [90m[39m
[35m[HTTP][39m [37m-->[39m [37mGET[39m [37m/wd/hub/session/0b61ec81-6db0-4e47-8bef-ae01fa3751b2/source[39m
[35m[HTTP][39m [90m{}[39m
[35m[W3C (0b61ec81)][39m Driver proxy active, passing request on via HTTP proxy
[35m[WD Proxy][39m Replacing sessionId 7ed15e9e-aa3c-4fbe-ad95-0fb9f7f9a1f0 with 0b61ec81-6db0-4e47-8bef-ae01fa3751b2
[35m[HTTP][39m [37m<-- GET /wd/hub/session/0b61ec81-6db0-4e47-8bef-ae01fa3751b2/source [39m[32m200[39m [90m347 ms - 9734[39m
[35m[HTTP][39m [90m[39m
[35m[HTTP][39m [37m-->[39m [37mGET[39m [37m/wd/hub/session/0b61ec81-6db0-4e47-8bef-ae01fa3751b2/screenshot[39m
[35m[HTTP][39m [90m{}[39m
[35m[HTTP][39m [37m<-- GET /wd/hub/session/0b61ec81-6db0-4e47-8bef-ae01fa3751b2/screenshot [39m[32m200[39m [90m355 ms - 72016[39m
[35m[HTTP][39m [90m[39m
[35m[HTTP][39m [37m-->[39m [37mPOST[39m [37m/wd/hub/session/0b61ec81-6db0-4e47-8bef-ae01fa3751b2/elements[39m
[35m[HTTP][39m [90m{"using":"xpath","value":"//*[@class = 'android.widget.EditText' and @resource-id = 'com.abhiandroid.ecommercestore:id/email' and (@text = '' or . = '')]"}[39m
[35m[HTTP][39m [37m<-- POST /wd/hub/session/0b61ec81-6db0-4e47-8bef-ae01fa3751b2/elements [39m[32m200[39m [90m62 ms - 139[39m
[35m[HTTP][39m [90m[39m
[35m[HTTP][39m [37m-->[39m [37mGET[39m [37m/wd/hub/session/0b61ec81-6db0-4e47-8bef-ae01fa3751b2/window/rect[39m
[35m[HTTP][39m [90m{}[39m
[35m[HTTP][39m [37m<-- GET /wd/hub/session/0b61ec81-6db0-4e47-8bef-ae01fa3751b2/window/rect [39m[32m200[39m [90m14 ms - 48[39m
[35m[HTTP][39m [90m[39m
[35m[HTTP][39m [37m-->[39m [37mPOST[39m [37m/wd/hub/session/0b61ec81-6db0-4e47-8bef-ae01fa3751b2/elements[39m
[35m[HTTP][39m [90m{"using":"xpath","value":"//*[@class = 'android.widget.EditText' and @resource-id = 'com.abhiandroid.ecommercestore:id/email' and (@text = '' or . = '')]"}[39m
[35m[HTTP][39m [37m<-- POST /wd/hub/session/0b61ec81-6db0-4e47-8bef-ae01fa3751b2/elements [39m[32m200[39m [90m35 ms - 139[39m
[35m[HTTP][39m [90m[39m
[35m[HTTP][39m [37m-->[39m [37mGET[39m [37m/wd/hub/session/0b61ec81-6db0-4e47-8bef-ae01fa3751b2/element/693e59ea-737f-409c-90b4-26d3e72303db/location[39m
[35m[HTTP][39m [90m{}[39m
[35m[W3C (0b61ec81)][39m Driver proxy active, passing request on via HTTP proxy
[35m[WD Proxy][39m Replacing sessionId 7ed15e9e-aa3c-4fbe-ad95-0fb9f7f9a1f0 with 0b61ec81-6db0-4e47-8bef-ae01fa3751b2
[35m[HTTP][39m [37m<-- GET /wd/hub/session/0b61ec81-6db0-4e47-8bef-ae01fa3751b2/element/693e59ea-737f-409c-90b4-26d3e72303db/location [39m[32m200[39m [90m19 ms - 77[39m
[35m[HTTP][39m [90m[39m
[35m[HTTP][39m [37m-->[39m [37mPOST[39m [37m/wd/hub/session/0b61ec81-6db0-4e47-8bef-ae01fa3751b2/element/693e59ea-737f-409c-90b4-26d3e72303db/clear[39m
[35m[HTTP][39m [90m{"id":"693e59ea-737f-409c-90b4-26d3e72303db"}[39m
[35m[HTTP][39m [37m<-- POST /wd/hub/session/0b61ec81-6db0-4e47-8bef-ae01fa3751b2/element/693e59ea-737f-409c-90b4-26d3e72303db/clear [39m[32m200[39m [90m25 ms - 14[39m
[35m[HTTP][39m [90m[39m
[35m[HTTP][39m [37m-->[39m [37mPOST[39m [37m/wd/hub/session/0b61ec81-6db0-4e47-8bef-ae01fa3751b2/element/693e59ea-737f-409c-90b4-26d3e72303db/value[39m
[35m[HTTP][39m [90m{"id":"693e59ea-737f-409c-90b4-26d3e72303db","text":"basuki76@gmail.com","value":["b","a","s","u","k","i","7","6","@","g","m","a","i","l",".","c","o","m"]}[39m
[35m[HTTP][39m [37m<-- POST /wd/hub/session/0b61ec81-6db0-4e47-8bef-ae01fa3751b2/element/693e59ea-737f-409c-90b4-26d3e72303db/value [39m[32m200[39m [90m537 ms - 14[39m
[35m[HTTP][39m [90m[39m
[35m[HTTP][39m [37m-->[39m [37mGET[39m [37m/wd/hub/session/0b61ec81-6db0-4e47-8bef-ae01fa3751b2/source[39m
[35m[HTTP][39m [90m{}[39m
[35m[W3C (0b61ec81)][39m Driver proxy active, passing request on via HTTP proxy
[35m[WD Proxy][39m Replacing sessionId 7ed15e9e-aa3c-4fbe-ad95-0fb9f7f9a1f0 with 0b61ec81-6db0-4e47-8bef-ae01fa3751b2
[35m[HTTP][39m [37m<-- GET /wd/hub/session/0b61ec81-6db0-4e47-8bef-ae01fa3751b2/source [39m[32m200[39m [90m36 ms - 9752[39m
[35m[HTTP][39m [90m[39m
[35m[HTTP][39m [37m-->[39m [37mGET[39m [37m/wd/hub/session/0b61ec81-6db0-4e47-8bef-ae01fa3751b2/screenshot[39m
[35m[HTTP][39m [90m{}[39m
[35m[HTTP][39m [37m<-- GET /wd/hub/session/0b61ec81-6db0-4e47-8bef-ae01fa3751b2/screenshot [39m[32m200[39m [90m324 ms - 76880[39m
[35m[HTTP][39m [90m[39m
[35m[HTTP][39m [37m-->[39m [37mPOST[39m [37m/wd/hub/session/0b61ec81-6db0-4e47-8bef-ae01fa3751b2/elements[39m
[35m[HTTP][39m [90m{"using":"xpath","value":"//*[@class = 'android.widget.EditText' and @resource-id = 'com.abhiandroid.ecommercestore:id/password' and (@text = '' or . = '')]"}[39m
[35m[HTTP][39m [37m<-- POST /wd/hub/session/0b61ec81-6db0-4e47-8bef-ae01fa3751b2/elements [39m[32m200[39m [90m48 ms - 139[39m
[35m[HTTP][39m [90m[39m
[35m[HTTP][39m [37m-->[39m [37mGET[39m [37m/wd/hub/session/0b61ec81-6db0-4e47-8bef-ae01fa3751b2/window/rect[39m
[35m[HTTP][39m [90m{}[39m
[35m[HTTP][39m [37m<-- GET /wd/hub/session/0b61ec81-6db0-4e47-8bef-ae01fa3751b2/window/rect [39m[32m200[39m [90m16 ms - 48[39m
[35m[HTTP][39m [90m[39m
[35m[HTTP][39m [37m-->[39m [37mPOST[39m [37m/wd/hub/session/0b61ec81-6db0-4e47-8bef-ae01fa3751b2/elements[39m
[35m[HTTP][39m [90m{"using":"xpath","value":"//*[@class = 'android.widget.EditText' and @resource-id = 'com.abhiandroid.ecommercestore:id/password' and (@text = '' or . = '')]"}[39m
[35m[HTTP][39m [37m<-- POST /wd/hub/session/0b61ec81-6db0-4e47-8bef-ae01fa3751b2/elements [39m[32m200[39m [90m34 ms - 139[39m
[35m[HTTP][39m [90m[39m
[35m[HTTP][39m [37m-->[39m [37mGET[39m [37m/wd/hub/session/0b61ec81-6db0-4e47-8bef-ae01fa3751b2/element/7607214d-7a5c-4901-8de0-de4e42e2b01c/location[39m
[35m[HTTP][39m [90m{}[39m
[35m[W3C (0b61ec81)][39m Driver proxy active, passing request on via HTTP proxy
[35m[WD Proxy][39m Replacing sessionId 7ed15e9e-aa3c-4fbe-ad95-0fb9f7f9a1f0 with 0b61ec81-6db0-4e47-8bef-ae01fa3751b2
[35m[HTTP][39m [37m<-- GET /wd/hub/session/0b61ec81-6db0-4e47-8bef-ae01fa3751b2/element/7607214d-7a5c-4901-8de0-de4e42e2b01c/location [39m[32m200[39m [90m21 ms - 77[39m
[35m[HTTP][39m [90m[39m
[35m[HTTP][39m [37m-->[39m [37mPOST[39m [37m/wd/hub/session/0b61ec81-6db0-4e47-8bef-ae01fa3751b2/element/7607214d-7a5c-4901-8de0-de4e42e2b01c/clear[39m
[35m[HTTP][39m [90m{"id":"7607214d-7a5c-4901-8de0-de4e42e2b01c"}[39m
[35m[HTTP][39m [37m<-- POST /wd/hub/session/0b61ec81-6db0-4e47-8bef-ae01fa3751b2/element/7607214d-7a5c-4901-8de0-de4e42e2b01c/clear [39m[32m200[39m [90m23 ms - 14[39m
[35m[HTTP][39m [90m[39m
[35m[HTTP][39m [37m-->[39m [37mPOST[39m [37m/wd/hub/session/0b61ec81-6db0-4e47-8bef-ae01fa3751b2/element/7607214d-7a5c-4901-8de0-de4e42e2b01c/value[39m
[35m[HTTP][39m [90m{"id":"7607214d-7a5c-4901-8de0-de4e42e2b01c","text":"basukiyahut","value":["b","a","s","u","k","i","y","a","h","u","t"]}[39m
[35m[HTTP][39m [37m<-- POST /wd/hub/session/0b61ec81-6db0-4e47-8bef-ae01fa3751b2/element/7607214d-7a5c-4901-8de0-de4e42e2b01c/value [39m[32m200[39m [90m561 ms - 14[39m
[35m[HTTP][39m [90m[39m
[35m[HTTP][39m [37m-->[39m [37mGET[39m [37m/wd/hub/session/0b61ec81-6db0-4e47-8bef-ae01fa3751b2/source[39m
[35m[HTTP][39m [90m{}[39m
[35m[W3C (0b61ec81)][39m Driver proxy active, passing request on via HTTP proxy
[35m[WD Proxy][39m Replacing sessionId 7ed15e9e-aa3c-4fbe-ad95-0fb9f7f9a1f0 with 0b61ec81-6db0-4e47-8bef-ae01fa3751b2
[35m[HTTP][39m [37m<-- GET /wd/hub/session/0b61ec81-6db0-4e47-8bef-ae01fa3751b2/source [39m[32m200[39m [90m43 ms - 9785[39m
[35m[HTTP][39m [90m[39m
[35m[HTTP][39m [37m-->[39m [37mGET[39m [37m/wd/hub/session/0b61ec81-6db0-4e47-8bef-ae01fa3751b2/screenshot[39m
[35m[HTTP][39m [90m{}[39m
[35m[HTTP][39m [37m<-- GET /wd/hub/session/0b61ec81-6db0-4e47-8bef-ae01fa3751b2/screenshot [39m[32m200[39m [90m324 ms - 75316[39m
[35m[HTTP][39m [90m[39m
[35m[HTTP][39m [37m-->[39m [37mPOST[39m [37m/wd/hub/session/0b61ec81-6db0-4e47-8bef-ae01fa3751b2/elements[39m
[35m[HTTP][39m [90m{"using":"xpath","value":"//*[@class = 'android.widget.Button' and (@text = 'SIGN IN' or . = 'SIGN IN') and @resource-id = 'com.abhiandroid.ecommercestore:id/signIn']"}[39m
[35m[HTTP][39m [37m<-- POST /wd/hub/session/0b61ec81-6db0-4e47-8bef-ae01fa3751b2/elements [39m[32m200[39m [90m46 ms - 139[39m
[35m[HTTP][39m [90m[39m
[35m[HTTP][39m [37m-->[39m [37mGET[39m [37m/wd/hub/session/0b61ec81-6db0-4e47-8bef-ae01fa3751b2/window/rect[39m
[35m[HTTP][39m [90m{}[39m
[35m[HTTP][39m [37m<-- GET /wd/hub/session/0b61ec81-6db0-4e47-8bef-ae01fa3751b2/window/rect [39m[32m200[39m [90m13 ms - 48[39m
[35m[HTTP][39m [90m[39m
[35m[HTTP][39m [37m-->[39m [37mPOST[39m [37m/wd/hub/session/0b61ec81-6db0-4e47-8bef-ae01fa3751b2/elements[39m
[35m[HTTP][39m [90m{"using":"xpath","value":"//*[@class = 'android.widget.Button' and (@text = 'SIGN IN' or . = 'SIGN IN') and @resource-id = 'com.abhiandroid.ecommercestore:id/signIn']"}[39m
[35m[HTTP][39m [37m<-- POST /wd/hub/session/0b61ec81-6db0-4e47-8bef-ae01fa3751b2/elements [39m[32m200[39m [90m34 ms - 139[39m
[35m[HTTP][39m [90m[39m
[35m[HTTP][39m [37m-->[39m [37mGET[39m [37m/wd/hub/session/0b61ec81-6db0-4e47-8bef-ae01fa3751b2/element/624ee852-166a-43e0-b249-337853c1ba21/location[39m
[35m[HTTP][39m [90m{}[39m
[35m[W3C (0b61ec81)][39m Driver proxy active, passing request on via HTTP proxy
[35m[WD Proxy][39m Replacing sessionId 7ed15e9e-aa3c-4fbe-ad95-0fb9f7f9a1f0 with 0b61ec81-6db0-4e47-8bef-ae01fa3751b2
[35m[HTTP][39m [37m<-- GET /wd/hub/session/0b61ec81-6db0-4e47-8bef-ae01fa3751b2/element/624ee852-166a-43e0-b249-337853c1ba21/location [39m[32m200[39m [90m17 ms - 77[39m
[35m[HTTP][39m [90m[39m
[35m[HTTP][39m [37m-->[39m [37mPOST[39m [37m/wd/hub/session/0b61ec81-6db0-4e47-8bef-ae01fa3751b2/touch/perform[39m
[35m[HTTP][39m [90m{"actions":[{"action":"tap","options":{"x":1,"y":1,"element":"624ee852-166a-43e0-b249-337853c1ba21"}}]}[39m
[35m[UiAutomator2][39m calling get location: 624ee852-166a-43e0-b249-337853c1ba21
[35m[HTTP][39m [37m<-- POST /wd/hub/session/0b61ec81-6db0-4e47-8bef-ae01fa3751b2/touch/perform [39m[32m200[39m [90m184 ms - 14[39m
[35m[HTTP][39m [90m[39m
[35m[HTTP][39m [37m-->[39m [37mGET[39m [37m/wd/hub/session/0b61ec81-6db0-4e47-8bef-ae01fa3751b2/source[39m
[35m[HTTP][39m [90m{}[39m
[35m[W3C (0b61ec81)][39m Driver proxy active, passing request on via HTTP proxy
[35m[WD Proxy][39m Replacing sessionId 7ed15e9e-aa3c-4fbe-ad95-0fb9f7f9a1f0 with 0b61ec81-6db0-4e47-8bef-ae01fa3751b2
[35m[HTTP][39m [37m<-- GET /wd/hub/session/0b61ec81-6db0-4e47-8bef-ae01fa3751b2/source [39m[32m200[39m [90m1164 ms - 10088[39m
[35m[HTTP][39m [90m[39m
[35m[HTTP][39m [37m-->[39m [37mGET[39m [37m/wd/hub/session/0b61ec81-6db0-4e47-8bef-ae01fa3751b2/screenshot[39m
[35m[HTTP][39m [90m{}[39m
[35m[HTTP][39m [37m<-- GET /wd/hub/session/0b61ec81-6db0-4e47-8bef-ae01fa3751b2/screenshot [39m[32m200[39m [90m524 ms - 77808[39m
[35m[HTTP][39m [90m[39m
[35m[HTTP][39m [37m-->[39m [37mPOST[39m [37m/wd/hub/session/0b61ec81-6db0-4e47-8bef-ae01fa3751b2/elements[39m
[35m[HTTP][39m [90m{"using":"xpath","value":"//*[@class = 'android.widget.EditText' and @resource-id = 'com.abhiandroid.ecommercestore:id/email' and (@text = '' or . = '')]"}[39m
[35m[HTTP][39m [37m<-- POST /wd/hub/session/0b61ec81-6db0-4e47-8bef-ae01fa3751b2/elements [39m[32m200[39m [90m71 ms - 139[39m
[35m[HTTP][39m [90m[39m
[35m[HTTP][39m [37m-->[39m [37mGET[39m [37m/wd/hub/session/0b61ec81-6db0-4e47-8bef-ae01fa3751b2/window/rect[39m
[35m[HTTP][39m [90m{}[39m
[35m[HTTP][39m [37m<-- GET /wd/hub/session/0b61ec81-6db0-4e47-8bef-ae01fa3751b2/window/rect [39m[32m200[39m [90m14 ms - 48[39m
[35m[HTTP][39m [90m[39m
[35m[HTTP][39m [37m-->[39m [37mPOST[39m [37m/wd/hub/session/0b61ec81-6db0-4e47-8bef-ae01fa3751b2/elements[39m
[35m[HTTP][39m [90m{"using":"xpath","value":"//*[@class = 'android.widget.EditText' and @resource-id = 'com.abhiandroid.ecommercestore:id/email' and (@text = '' or . = '')]"}[39m
[35m[HTTP][39m [37m<-- POST /wd/hub/session/0b61ec81-6db0-4e47-8bef-ae01fa3751b2/elements [39m[32m200[39m [90m34 ms - 139[39m
[35m[HTTP][39m [90m[39m
[35m[HTTP][39m [37m-->[39m [37mGET[39m [37m/wd/hub/session/0b61ec81-6db0-4e47-8bef-ae01fa3751b2/element/753b503e-95c5-4dd9-b0e9-5ef87cbce413/location[39m
[35m[HTTP][39m [90m{}[39m
[35m[W3C (0b61ec81)][39m Driver proxy active, passing request on via HTTP proxy
[35m[WD Proxy][39m Replacing sessionId 7ed15e9e-aa3c-4fbe-ad95-0fb9f7f9a1f0 with 0b61ec81-6db0-4e47-8bef-ae01fa3751b2
[35m[HTTP][39m [37m<-- GET /wd/hub/session/0b61ec81-6db0-4e47-8bef-ae01fa3751b2/element/753b503e-95c5-4dd9-b0e9-5ef87cbce413/location [39m[32m200[39m [90m16 ms - 77[39m
[35m[HTTP][39m [90m[39m
[35m[HTTP][39m [37m-->[39m [37mPOST[39m [37m/wd/hub/session/0b61ec81-6db0-4e47-8bef-ae01fa3751b2/element/753b503e-95c5-4dd9-b0e9-5ef87cbce413/clear[39m
[35m[HTTP][39m [90m{"id":"753b503e-95c5-4dd9-b0e9-5ef87cbce413"}[39m
[35m[HTTP][39m [37m<-- POST /wd/hub/session/0b61ec81-6db0-4e47-8bef-ae01fa3751b2/element/753b503e-95c5-4dd9-b0e9-5ef87cbce413/clear [39m[32m200[39m [90m19 ms - 14[39m
[35m[HTTP][39m [90m[39m
[35m[HTTP][39m [37m-->[39m [37mPOST[39m [37m/wd/hub/session/0b61ec81-6db0-4e47-8bef-ae01fa3751b2/element/753b503e-95c5-4dd9-b0e9-5ef87cbce413/value[39m
[35m[HTTP][39m [90m{"id":"753b503e-95c5-4dd9-b0e9-5ef87cbce413","text":"basuki76@gmail.com","value":["b","a","s","u","k","i","7","6","@","g","m","a","i","l",".","c","o","m"]}[39m
[35m[HTTP][39m [37m<-- POST /wd/hub/session/0b61ec81-6db0-4e47-8bef-ae01fa3751b2/element/753b503e-95c5-4dd9-b0e9-5ef87cbce413/value [39m[32m200[39m [90m511 ms - 14[39m
[35m[HTTP][39m [90m[39m
[35m[HTTP][39m [37m-->[39m [37mGET[39m [37m/wd/hub/session/0b61ec81-6db0-4e47-8bef-ae01fa3751b2/source[39m
[35m[HTTP][39m [90m{}[39m
[35m[W3C (0b61ec81)][39m Driver proxy active, passing request on via HTTP proxy
[35m[WD Proxy][39m Replacing sessionId 7ed15e9e-aa3c-4fbe-ad95-0fb9f7f9a1f0 with 0b61ec81-6db0-4e47-8bef-ae01fa3751b2
[35m[HTTP][39m [37m<-- GET /wd/hub/session/0b61ec81-6db0-4e47-8bef-ae01fa3751b2/source [39m[32m200[39m [90m52 ms - 9692[39m
[35m[HTTP][39m [90m[39m
[35m[HTTP][39m [37m-->[39m [37mGET[39m [37m/wd/hub/session/0b61ec81-6db0-4e47-8bef-ae01fa3751b2/screenshot[39m
[35m[HTTP][39m [90m{}[39m
[35m[HTTP][39m [37m<-- GET /wd/hub/session/0b61ec81-6db0-4e47-8bef-ae01fa3751b2/screenshot [39m[32m200[39m [90m352 ms - 73932[39m
[35m[HTTP][39m [90m[39m
[35m[HTTP][39m [37m-->[39m [37mPOST[39m [37m/wd/hub/session/0b61ec81-6db0-4e47-8bef-ae01fa3751b2/elements[39m
[35m[HTTP][39m [90m{"using":"xpath","value":"//*[@class = 'android.widget.Button' and (@text = 'RE-SEND EMAIL' or . = 'RE-SEND EMAIL') and @resource-id = 'com.abhiandroid.ecommercestore:id/resendEmail']"}[39m
[35m[HTTP][39m [37m<-- POST /wd/hub/session/0b61ec81-6db0-4e47-8bef-ae01fa3751b2/elements [39m[32m200[39m [90m61 ms - 139[39m
[35m[HTTP][39m [90m[39m
[35m[HTTP][39m [37m-->[39m [37mGET[39m [37m/wd/hub/session/0b61ec81-6db0-4e47-8bef-ae01fa3751b2/window/rect[39m
[35m[HTTP][39m [90m{}[39m
[35m[HTTP][39m [37m<-- GET /wd/hub/session/0b61ec81-6db0-4e47-8bef-ae01fa3751b2/window/rect [39m[32m200[39m [90m12 ms - 48[39m
[35m[HTTP][39m [90m[39m
[35m[HTTP][39m [37m-->[39m [37mPOST[39m [37m/wd/hub/session/0b61ec81-6db0-4e47-8bef-ae01fa3751b2/elements[39m
[35m[HTTP][39m [90m{"using":"xpath","value":"//*[@class = 'android.widget.Button' and (@text = 'RE-SEND EMAIL' or . = 'RE-SEND EMAIL') and @resource-id = 'com.abhiandroid.ecommercestore:id/resendEmail']"}[39m
[35m[HTTP][39m [37m<-- POST /wd/hub/session/0b61ec81-6db0-4e47-8bef-ae01fa3751b2/elements [39m[32m200[39m [90m37 ms - 139[39m
[35m[HTTP][39m [90m[39m
[35m[HTTP][39m [37m-->[39m [37mGET[39m [37m/wd/hub/session/0b61ec81-6db0-4e47-8bef-ae01fa3751b2/element/df1ec625-b9fa-409b-a094-1a26c0c5cdd3/location[39m
[35m[HTTP][39m [90m{}[39m
[35m[W3C (0b61ec81)][39m Driver proxy active, passing request on via HTTP proxy
[35m[WD Proxy][39m Replacing sessionId 7ed15e9e-aa3c-4fbe-ad95-0fb9f7f9a1f0 with 0b61ec81-6db0-4e47-8bef-ae01fa3751b2
[35m[HTTP][39m [37m<-- GET /wd/hub/session/0b61ec81-6db0-4e47-8bef-ae01fa3751b2/element/df1ec625-b9fa-409b-a094-1a26c0c5cdd3/location [39m[32m200[39m [90m20 ms - 77[39m
[35m[HTTP][39m [90m[39m
[35m[HTTP][39m [37m-->[39m [37mPOST[39m [37m/wd/hub/session/0b61ec81-6db0-4e47-8bef-ae01fa3751b2/touch/perform[39m
[35m[HTTP][39m [90m{"actions":[{"action":"tap","options":{"x":1,"y":1,"element":"df1ec625-b9fa-409b-a094-1a26c0c5cdd3"}}]}[39m
[35m[UiAutomator2][39m calling get location: df1ec625-b9fa-409b-a094-1a26c0c5cdd3
[35m[HTTP][39m [37m<-- POST /wd/hub/session/0b61ec81-6db0-4e47-8bef-ae01fa3751b2/touch/perform [39m[32m200[39m [90m209 ms - 14[39m
[35m[HTTP][39m [90m[39m
[35m[HTTP][39m [37m-->[39m [37mGET[39m [37m/wd/hub/session/0b61ec81-6db0-4e47-8bef-ae01fa3751b2/source[39m
[35m[HTTP][39m [90m{}[39m
[35m[W3C (0b61ec81)][39m Driver proxy active, passing request on via HTTP proxy
[35m[WD Proxy][39m Replacing sessionId 7ed15e9e-aa3c-4fbe-ad95-0fb9f7f9a1f0 with 0b61ec81-6db0-4e47-8bef-ae01fa3751b2
[35m[HTTP][39m [37m<-- GET /wd/hub/session/0b61ec81-6db0-4e47-8bef-ae01fa3751b2/source [39m[32m200[39m [90m50 ms - 3843[39m
[35m[HTTP][39m [90m[39m
[35m[HTTP][39m [37m-->[39m [37mGET[39m [37m/wd/hub/session/0b61ec81-6db0-4e47-8bef-ae01fa3751b2/screenshot[39m
[35m[HTTP][39m [90m{}[39m
[35m[HTTP][39m [37m<-- GET /wd/hub/session/0b61ec81-6db0-4e47-8bef-ae01fa3751b2/screenshot [39m[32m200[39m [90m522 ms - 40446[39m
[35m[HTTP][39m [90m[39m
[35m[HTTP][39m [37m-->[39m [37mDELETE[39m [37m/wd/hub/session/0b61ec81-6db0-4e47-8bef-ae01fa3751b2[39m
[35m[HTTP][39m [90m{}[39m
[35m[Appium][39m Removing session 0b61ec81-6db0-4e47-8bef-ae01fa3751b2 from our master session list
[35m[UiAutomator2][39m Restoring hidden api policy to the device default configuration
[35m[HTTP][39m [37m<-- DELETE /wd/hub/session/0b61ec81-6db0-4e47-8bef-ae01fa3751b2 [39m[32m200[39m [90m1506 ms - 14[39m
